[debug] [2022-05-16T12:06:45.247Z] ----------------------------------------------------------------------
[debug] [2022-05-16T12:06:45.249Z] Command:       C:\Program Files\nodejs\node.exe C:\Users\ATUL\AppData\Roaming\npm\node_modules\firebase-tools\lib\bin\firebase.js init
[debug] [2022-05-16T12:06:45.249Z] CLI Version:   10.7.0
[debug] [2022-05-16T12:06:45.249Z] Platform:      win32
[debug] [2022-05-16T12:06:45.250Z] Node Version:  v17.3.1
[debug] [2022-05-16T12:06:45.256Z] Time:          Mon May 16 2022 17:36:45 GMT+0530 (India Standard Time)
[debug] [2022-05-16T12:06:45.256Z] ----------------------------------------------------------------------
[debug] 
[debug] [2022-05-16T12:06:45.265Z] > command requires scopes: ["email","openid","https://www.googleapis.com/auth/cloudplatformprojects.readonly","https://www.googleapis.com/auth/firebase","https://www.googleapis.com/auth/cloud-platform"]
[debug] [2022-05-16T12:06:45.265Z] > authorizing via signed-in user (hyperclouddigital@gmail.com)
[info] 
     ######## #### ########  ######## ########     ###     ######  ########
     ##        ##  ##     ## ##       ##     ##  ##   ##  ##       ##
     ######    ##  ########  ######   ########  #########  ######  ######
     ##        ##  ##    ##  ##       ##     ## ##     ##       ## ##
     ##       #### ##     ## ######## ########  ##     ##  ######  ########

You're about to initialize a Firebase project in this directory:

  E:\1-Manu\WebPicker-Github\WebPicker\PWA_Sample1\public

[info] 
=== Project Setup
[info] 
[info] First, let's associate this project directory with a Firebase project.
[info] You can create multiple project aliases by running firebase use --add, 
[info] but for now we'll just set up a default project.
[info] 
[debug] [2022-05-16T12:06:56.027Z] > refreshing access token with scopes: []
[debug] [2022-05-16T12:06:56.028Z] >>> HTTP REQUEST POST https://www.googleapis.com/oauth2/v3/token  
 <request body omitted>
[debug] [2022-05-16T12:06:56.315Z] <<< HTTP RESPONSE 200 {"date":"Mon, 16 May 2022 12:06:55 GMT","pragma":"no-cache","cache-control":"no-cache, no-store, max-age=0, must-revalidate","expires":"Mon, 01 Jan 1990 00:00:00 GMT","content-type":"application/json; charset=utf-8","vary":"X-Origin, Referer, Origin,Accept-Encoding","server":"scaffolding on HTTPServer2","x-xss-protection":"0","x-frame-options":"SAMEORIGIN","x-content-type-options":"nosniff","alt-svc":"h3=\":443\"; ma=2592000,h3-29=\":443\"; ma=2592000,h3-Q050=\":443\"; ma=2592000,h3-Q046=\":443\"; ma=2592000,h3-Q043=\":443\"; ma=2592000,quic=\":443\"; ma=2592000; v=\"46,43\"","accept-ranges":"none","transfer-encoding":"chunked"}
[debug] [2022-05-16T12:06:56.336Z] >>> [apiv2][query] GET https://firebase.googleapis.com/v1beta1/projects pageSize=100
[debug] [2022-05-16T12:06:57.210Z] <<< [apiv2][status] GET https://firebase.googleapis.com/v1beta1/projects 200
[debug] [2022-05-16T12:06:57.210Z] <<< [apiv2][body] GET https://firebase.googleapis.com/v1beta1/projects [omitted]
